#
# There is insufficient memory for the Java Runtime Environment to continue.
# Native memory allocation (malloc) failed to allocate 1859216 bytes. Error detail: Chunk::new
# Possible reasons:
#   The system is out of physical RAM or swap space
#   This process is running with CompressedOops enabled, and the Java Heap may be blocking the growth of the native heap
# Possible solutions:
#   Reduce memory load on the system
#   Increase physical memory or swap space
#   Check if swap backing store is full
#   Decrease Java heap size (-Xmx/-Xms)
#   Decrease number of Java threads
#   Decrease Java thread stack sizes (-Xss)
#   Set larger code cache with -XX:ReservedCodeCacheSize=
#   JVM is running with Unscaled Compressed Oops mode in which the Java heap is
#     placed in the first 4GB address space. The Java Heap base address is the
#     maximum limit for the native heap growth. Please use -XX:HeapBaseMinAddress
#     to set the Java Heap base and to place the Java Heap above 4GB virtual address.
# This output file may be truncated or incomplete.
#
#  Out of Memory Error (arena.cpp:168), pid=8164, tid=14768
#
# JRE version: OpenJDK Runtime Environment Temurin-21.0.7+6 (21.0.7+6) (build 21.0.7+6-LTS)
# Java VM: OpenJDK 64-Bit Server VM Temurin-21.0.7+6 (21.0.7+6-LTS, mixed mode, sharing, tiered, compressed oops, compressed class ptrs, g1 gc, windows-amd64)
# No core dump will be written. Minidumps are not enabled by default on client versions of Windows
#

---------------  S U M M A R Y ------------

Command Line: -ea -Dfile.encoding=UTF-8 -Dstdout.encoding=UTF-8 -Dstderr.encoding=UTF-8 -XX:+ShowCodeDetailsInExceptionMessages org.eclipse.jdt.internal.junit.runner.RemoteTestRunner -version 3 -port 59623 -testLoaderClass org.eclipse.jdt.internal.junit5.runner.JUnit5TestLoader -loaderpluginname org.eclipse.jdt.junit5.runtime -classNames com.apiconsultacreditos.controller.CreditoControllerIntegrationTest

Host: Intel(R) Core(TM) i5 CPU         660  @ 3.33GHz, 4 cores, 7G,  Windows 10 , 64 bit Build 19041 (10.0.19041.5915)
Time: Thu Jul 24 11:34:30 2025 Hora oficial do Brasil elapsed time: 2.545819 seconds (0d 0h 0m 2s)

---------------  T H R E A D  ---------------

Current thread (0x0000025a688a4b80):  JavaThread "C2 CompilerThread1" daemon [_thread_in_native, id=14768, stack(0x000000f665c00000,0x000000f665d00000) (1024K)]


Current CompileTask:
C2:2546 1804       4       java.lang.invoke.MethodType::makeImpl (109 bytes)

Stack: [0x000000f665c00000,0x000000f665d00000]
Native frames: (J=compiled Java code, j=interpreted, Vv=VM code, C=native code)
V  [jvm.dll+0x6ce119]
V  [jvm.dll+0x8a84a1]
V  [jvm.dll+0x8aa9ce]
V  [jvm.dll+0x8ab0b3]
V  [jvm.dll+0x27f8a6]
V  [jvm.dll+0xc507d]
V  [jvm.dll+0xc55b3]
V  [jvm.dll+0x3b68f2]
V  [jvm.dll+0x382aa5]
V  [jvm.dll+0x381f0a]
V  [jvm.dll+0x247af0]
V  [jvm.dll+0x2470cf]
V  [jvm.dll+0x1c760e]
V  [jvm.dll+0x25695a]
V  [jvm.dll+0x254efa]
V  [jvm.dll+0x3f03f6]
V  [jvm.dll+0x851f6b]
V  [jvm.dll+0x6cc7dd]
C  [ucrtbase.dll+0x21bb2]
C  [KERNEL32.DLL+0x17374]
C  [ntdll.dll+0x4cc91]


---------------  P R O C E S S  ---------------

Threads class SMR info:
_java_thread_list=0x0000025a6d5801e0, length=13, elements={
0x0000025a4c2ce970, 0x0000025a6864fb10, 0x0000025a68651370, 0x0000025a68656f20,
0x0000025a68657b20, 0x0000025a686596b0, 0x0000025a6865c4a0, 0x0000025a68662920,
0x0000025a68663d00, 0x0000025a6865be10, 0x0000025a68659d40, 0x0000025a688a4b80,
0x0000025a6865aa60
}

Java Threads: ( => current thread )
  0x0000025a4c2ce970 JavaThread "main"                              [_thread_in_Java, id=7376, stack(0x000000f664a00000,0x000000f664b00000) (1024K)]
  0x0000025a6864fb10 JavaThread "Reference Handler"          daemon [_thread_blocked, id=5764, stack(0x000000f665200000,0x000000f665300000) (1024K)]
  0x0000025a68651370 JavaThread "Finalizer"                  daemon [_thread_blocked, id=1964, stack(0x000000f665300000,0x000000f665400000) (1024K)]
  0x0000025a68656f20 JavaThread "Signal Dispatcher"          daemon [_thread_blocked, id=14884, stack(0x000000f665400000,0x000000f665500000) (1024K)]
  0x0000025a68657b20 JavaThread "Attach Listener"            daemon [_thread_blocked, id=13280, stack(0x000000f665500000,0x000000f665600000) (1024K)]
  0x0000025a686596b0 JavaThread "Service Thread"             daemon [_thread_blocked, id=6672, stack(0x000000f665600000,0x000000f665700000) (1024K)]
  0x0000025a6865c4a0 JavaThread "Monitor Deflation Thread"   daemon [_thread_blocked, id=14344, stack(0x000000f665700000,0x000000f665800000) (1024K)]
  0x0000025a68662920 JavaThread "C2 CompilerThread0"         daemon [_thread_in_native, id=6484, stack(0x000000f665800000,0x000000f665900000) (1024K)]
  0x0000025a68663d00 JavaThread "C1 CompilerThread0"         daemon [_thread_in_vm, id=14080, stack(0x000000f665900000,0x000000f665a00000) (1024K)]
  0x0000025a6865be10 JavaThread "Notification Thread"        daemon [_thread_blocked, id=11648, stack(0x000000f665a00000,0x000000f665b00000) (1024K)]
  0x0000025a68659d40 JavaThread "Common-Cleaner"             daemon [_thread_blocked, id=5044, stack(0x000000f665b00000,0x000000f665c00000) (1024K)]
=>0x0000025a688a4b80 JavaThread "C2 CompilerThread1"         daemon [_thread_in_native, id=14768, stack(0x000000f665c00000,0x000000f665d00000) (1024K)]
  0x0000025a6865aa60 JavaThread "ReaderThread"                      [_thread_in_native, id=8500, stack(0x000000f665d00000,0x000000f665e00000) (1024K)]
Total: 13

Other Threads:
  0x0000025a686322d0 VMThread "VM Thread"                           [id=14284, stack(0x000000f665100000,0x000000f665200000) (1024K)]
  0x0000025a6861ff80 WatcherThread "VM Periodic Task Thread"        [id=1272, stack(0x000000f665000000,0x000000f665100000) (1024K)]
  0x0000025a4c324d50 WorkerThread "GC Thread#0"                     [id=4976, stack(0x000000f664b00000,0x000000f664c00000) (1024K)]
  0x0000025a6d5ef8e0 WorkerThread "GC Thread#1"                     [id=3408, stack(0x000000f665e00000,0x000000f665f00000) (1024K)]
  0x0000025a6d5efc80 WorkerThread "GC Thread#2"                     [id=4788, stack(0x000000f665f00000,0x000000f666000000) (1024K)]
  0x0000025a6d5f0020 WorkerThread "GC Thread#3"                     [id=4576, stack(0x000000f666000000,0x000000f666100000) (1024K)]
  0x0000025a4c335a00 ConcurrentGCThread "G1 Main Marker"            [id=14332, stack(0x000000f664c00000,0x000000f664d00000) (1024K)]
  0x0000025a4c336410 WorkerThread "G1 Conc#0"                       [id=3384, stack(0x000000f664d00000,0x000000f664e00000) (1024K)]
  0x0000025a4c37e670 ConcurrentGCThread "G1 Refine#0"               [id=2692, stack(0x000000f664e00000,0x000000f664f00000) (1024K)]
  0x0000025a684e3010 ConcurrentGCThread "G1 Service"                [id=15324, stack(0x000000f664f00000,0x000000f665000000) (1024K)]
Total: 10

Threads with active compile tasks:
C2 CompilerThread0  2607 1760       4       java.lang.invoke.MethodType::methodType (69 bytes)
C1 CompilerThread0  2608 1895       3       java.lang.invoke.MethodHandleImpl::makePairwiseConvertByEditor (617 bytes)
C2 CompilerThread1  2608 1804       4       java.lang.invoke.MethodType::makeImpl (109 bytes)
Total: 3

VM state: not at safepoint (normal execution)

VM Mutex/Monitor currently owned by a thread: None

Heap address: 0x0000000081200000, size: 2030 MB, Compressed Oops mode: 32-bit

CDS archive(s) mapped at: [0x0000025a00000000-0x0000025a00c80000-0x0000025a00c80000), size 13107200, SharedBaseAddress: 0x0000025a00000000, ArchiveRelocationMode: 1.
Compressed class space mapped at: 0x0000025a01000000-0x0000025a41000000, reserved size: 1073741824
Narrow klass base: 0x0000025a00000000, Narrow klass shift: 0, Narrow klass range: 0x100000000

GC Precious Log:
 CardTable entry size: 512
 Card Set container configuration: InlinePtr #cards 5 size 8 Array Of Cards #cards 12 size 40 Howl #buckets 4 coarsen threshold 1843 Howl Bitmap #cards 512 size 80 coarsen threshold 460 Card regions per heap region 1 cards per card region 2048
 CPUs: 4 total, 4 available
 Memory: 8119M
 Large Page Support: Disabled
 NUMA Support: Disabled
 Compressed Oops: Enabled (32-bit)
 Heap Region Size: 1M
 Heap Min Capacity: 8M
 Heap Initial Capacity: 128M
 Heap Max Capacity: 2030M
 Pre-touch: Disabled
 Parallel Workers: 4
 Concurrent Workers: 1
 Concurrent Refinement Workers: 4
 Periodic GC: Disabled

Heap:
 garbage-first heap   total 131072K, used 17736K [0x0000000081200000, 0x0000000100000000)
  region size 1024K, 6 young (6144K), 3 survivors (3072K)
 Metaspace       used 11481K, committed 11712K, reserved 1114112K
  class space    used 1414K, committed 1536K, reserved 1048576K

Heap Regions: E=young(eden), S=young(survivor), O=old, HS=humongous(starts), HC=humongous(continues), CS=collection set, F=free, TAMS=top-at-mark-start, PB=parsable bottom
|   0|0x0000000081200000, 0x0000000081300000, 0x0000000081300000|100%|HS|  |TAMS 0x0000000081200000| PB 0x0000000081200000| Complete 
|   1|0x0000000081300000, 0x0000000081400000, 0x0000000081400000|100%|HS|  |TAMS 0x0000000081300000| PB 0x0000000081300000| Complete 
|   2|0x0000000081400000, 0x0000000081500000, 0x0000000081500000|100%|HS|  |TAMS 0x0000000081400000| PB 0x0000000081400000| Complete 
|   3|0x0000000081500000, 0x0000000081600000, 0x0000000081600000|100%|HC|  |TAMS 0x0000000081500000| PB 0x0000000081500000| Complete 
|   4|0x0000000081600000, 0x0000000081700000, 0x0000000081700000|100%| O|  |TAMS 0x0000000081600000| PB 0x0000000081600000| Untracked 
|   5|0x0000000081700000, 0x0000000081800000, 0x0000000081800000|100%| O|  |TAMS 0x0000000081700000| PB 0x0000000081700000| Untracked 
|   6|0x0000000081800000, 0x0000000081900000, 0x0000000081900000|100%| O|  |TAMS 0x0000000081800000| PB 0x0000000081800000| Untracked 
|   7|0x0000000081900000, 0x0000000081a00000, 0x0000000081a00000|100%| O|  |TAMS 0x0000000081900000| PB 0x0000000081900000| Untracked 
|   8|0x0000000081a00000, 0x0000000081b00000, 0x0000000081b00000|100%| O|  |TAMS 0x0000000081a00000| PB 0x0000000081a00000| Untracked 
|   9|0x0000000081b00000, 0x0000000081c00000, 0x0000000081c00000|100%| O|  |TAMS 0x0000000081b00000| PB 0x0000000081b00000| Untracked 
|  10|0x0000000081c00000, 0x0000000081d00000, 0x0000000081d00000|100%| O|  |TAMS 0x0000000081c00000| PB 0x0000000081c00000| Untracked 
|  11|0x0000000081d00000, 0x0000000081e00000, 0x0000000081e00000|100%| O|  |TAMS 0x0000000081d00000| PB 0x0000000081d00000| Untracked 
|  12|0x0000000081e00000, 0x0000000081e5d7d0, 0x0000000081f00000| 36%| O|  |TAMS 0x0000000081e00000| PB 0x0000000081e00000| Untracked 
|  13|0x0000000081f00000, 0x0000000081f00000, 0x0000000082000000|  0%| F|  |TAMS 0x0000000081f00000| PB 0x0000000081f00000| Untracked 
|  14|0x0000000082000000, 0x0000000082000000, 0x0000000082100000|  0%| F|  |TAMS 0x0000000082000000| PB 0x0000000082000000| Untracked 
|  15|0x0000000082100000, 0x0000000082100000, 0x0000000082200000|  0%| F|  |TAMS 0x0000000082100000| PB 0x0000000082100000| Untracked 
|  16|0x0000000082200000, 0x0000000082200000, 0x0000000082300000|  0%| F|  |TAMS 0x0000000082200000| PB 0x0000000082200000| Untracked 
|  17|0x0000000082300000, 0x0000000082300000, 0x0000000082400000|  0%| F|  |TAMS 0x0000000082300000| PB 0x0000000082300000| Untracked 
|  18|0x0000000082400000, 0x0000000082400000, 0x0000000082500000|  0%| F|  |TAMS 0x0000000082400000| PB 0x0000000082400000| Untracked 
|  19|0x0000000082500000, 0x0000000082500000, 0x0000000082600000|  0%| F|  |TAMS 0x0000000082500000| PB 0x0000000082500000| Untracked 
|  20|0x0000000082600000, 0x0000000082600000, 0x0000000082700000|  0%| F|  |TAMS 0x0000000082600000| PB 0x0000000082600000| Untracked 
|  21|0x0000000082700000, 0x0000000082700000, 0x0000000082800000|  0%| F|  |TAMS 0x0000000082700000| PB 0x0000000082700000| Untracked 
|  22|0x0000000082800000, 0x0000000082800000, 0x0000000082900000|  0%| F|  |TAMS 0x0000000082800000| PB 0x0000000082800000| Untracked 
|  23|0x0000000082900000, 0x0000000082900000, 0x0000000082a00000|  0%| F|  |TAMS 0x0000000082900000| PB 0x0000000082900000| Untracked 
|  24|0x0000000082a00000, 0x0000000082a00000, 0x0000000082b00000|  0%| F|  |TAMS 0x0000000082a00000| PB 0x0000000082a00000| Untracked 
|  25|0x0000000082b00000, 0x0000000082b00000, 0x0000000082c00000|  0%| F|  |TAMS 0x0000000082b00000| PB 0x0000000082b00000| Untracked 
|  26|0x0000000082c00000, 0x0000000082c00000, 0x0000000082d00000|  0%| F|  |TAMS 0x0000000082c00000| PB 0x0000000082c00000| Untracked 
|  27|0x0000000082d00000, 0x0000000082d00000, 0x0000000082e00000|  0%| F|  |TAMS 0x0000000082d00000| PB 0x0000000082d00000| Untracked 
|  28|0x0000000082e00000, 0x0000000082e00000, 0x0000000082f00000|  0%| F|  |TAMS 0x0000000082e00000| PB 0x0000000082e00000| Untracked 
|  29|0x0000000082f00000, 0x0000000082f00000, 0x0000000083000000|  0%| F|  |TAMS 0x0000000082f00000| PB 0x0000000082f00000| Untracked 
|  30|0x0000000083000000, 0x0000000083000000, 0x0000000083100000|  0%| F|  |TAMS 0x0000000083000000| PB 0x0000000083000000| Untracked 
|  31|0x0000000083100000, 0x0000000083100000, 0x0000000083200000|  0%| F|  |TAMS 0x0000000083100000| PB 0x0000000083100000| Untracked 
|  32|0x0000000083200000, 0x0000000083200000, 0x0000000083300000|  0%| F|  |TAMS 0x0000000083200000| PB 0x0000000083200000| Untracked 
|  33|0x0000000083300000, 0x0000000083300000, 0x0000000083400000|  0%| F|  |TAMS 0x0000000083300000| PB 0x0000000083300000| Untracked 
|  34|0x0000000083400000, 0x0000000083400000, 0x0000000083500000|  0%| F|  |TAMS 0x0000000083400000| PB 0x0000000083400000| Untracked 
|  35|0x0000000083500000, 0x0000000083500000, 0x0000000083600000|  0%| F|  |TAMS 0x0000000083500000| PB 0x0000000083500000| Untracked 
|  36|0x0000000083600000, 0x0000000083600000, 0x0000000083700000|  0%| F|  |TAMS 0x0000000083600000| PB 0x0000000083600000| Untracked 
|  37|0x0000000083700000, 0x0000000083700000, 0x0000000083800000|  0%| F|  |TAMS 0x0000000083700000| PB 0x0000000083700000| Untracked 
|  38|0x0000000083800000, 0x0000000083800000, 0x0000000083900000|  0%| F|  |TAMS 0x0000000083800000| PB 0x0000000083800000| Untracked 
|  39|0x0000000083900000, 0x0000000083900000, 0x0000000083a00000|  0%| F|  |TAMS 0x0000000083900000| PB 0x0000000083900000| Untracked 
|  40|0x0000000083a00000, 0x0000000083a00000, 0x0000000083b00000|  0%| F|  |TAMS 0x0000000083a00000| PB 0x0000000083a00000| Untracked 
|  41|0x0000000083b00000, 0x0000000083b00000, 0x0000000083c00000|  0%| F|  |TAMS 0x0000000083b00000| PB 0x0000000083b00000| Untracked 
|  42|0x0000000083c00000, 0x0000000083c00000, 0x0000000083d00000|  0%| F|  |TAMS 0x0000000083c00000| PB 0x0000000083c00000| Untracked 
|  43|0x0000000083d00000, 0x0000000083d00000, 0x0000000083e00000|  0%| F|  |TAMS 0x0000000083d00000| PB 0x0000000083d00000| Untracked 
|  44|0x0000000083e00000, 0x0000000083e00000, 0x0000000083f00000|  0%| F|  |TAMS 0x0000000083e00000| PB 0x0000000083e00000| Untracked 
|  45|0x0000000083f00000, 0x0000000083f00000, 0x0000000084000000|  0%| F|  |TAMS 0x0000000083f00000| PB 0x0000000083f00000| Untracked 
|  46|0x0000000084000000, 0x0000000084000000, 0x0000000084100000|  0%| F|  |TAMS 0x0000000084000000| PB 0x0000000084000000| Untracked 
|  47|0x0000000084100000, 0x0000000084100000, 0x0000000084200000|  0%| F|  |TAMS 0x0000000084100000| PB 0x0000000084100000| Untracked 
|  48|0x0000000084200000, 0x0000000084200000, 0x0000000084300000|  0%| F|  |TAMS 0x0000000084200000| PB 0x0000000084200000| Untracked 
|  49|0x0000000084300000, 0x0000000084300000, 0x0000000084400000|  0%| F|  |TAMS 0x0000000084300000| PB 0x0000000084300000| Untracked 
|  50|0x0000000084400000, 0x0000000084400000, 0x0000000084500000|  0%| F|  |TAMS 0x0000000084400000| PB 0x0000000084400000| Untracked 
|  51|0x0000000084500000, 0x0000000084500000, 0x0000000084600000|  0%| F|  |TAMS 0x0000000084500000| PB 0x0000000084500000| Untracked 
|  52|0x0000000084600000, 0x0000000084600000, 0x0000000084700000|  0%| F|  |TAMS 0x0000000084600000| PB 0x0000000084600000| Untracked 
|  53|0x0000000084700000, 0x0000000084700000, 0x0000000084800000|  0%| F|  |TAMS 0x0000000084700000| PB 0x0000000084700000| Untracked 
|  54|0x0000000084800000, 0x0000000084800000, 0x0000000084900000|  0%| F|  |TAMS 0x0000000084800000| PB 0x0000000084800000| Untracked 
|  55|0x0000000084900000, 0x0000000084900000, 0x0000000084a00000|  0%| F|  |TAMS 0x0000000084900000| PB 0x0000000084900000| Untracked 
|  56|0x0000000084a00000, 0x0000000084a00000, 0x0000000084b00000|  0%| F|  |TAMS 0x0000000084a00000| PB 0x0000000084a00000| Untracked 
|  57|0x0000000084b00000, 0x0000000084b00000, 0x0000000084c00000|  0%| F|  |TAMS 0x0000000084b00000| PB 0x0000000084b00000| Untracked 
|  58|0x0000000084c00000, 0x0000000084c00000, 0x0000000084d00000|  0%| F|  |TAMS 0x0000000084c00000| PB 0x0000000084c00000| Untracked 
|  59|0x0000000084d00000, 0x0000000084d00000, 0x0000000084e00000|  0%| F|  |TAMS 0x0000000084d00000| PB 0x0000000084d00000| Untracked 
|  60|0x0000000084e00000, 0x0000000084e00000, 0x0000000084f00000|  0%| F|  |TAMS 0x0000000084e00000| PB 0x0000000084e00000| Untracked 
|  61|0x0000000084f00000, 0x0000000084f00000, 0x0000000085000000|  0%| F|  |TAMS 0x0000000084f00000| PB 0x0000000084f00000| Untracked 
|  62|0x0000000085000000, 0x0000000085000000, 0x0000000085100000|  0%| F|  |TAMS 0x0000000085000000| PB 0x0000000085000000| Untracked 
|  63|0x0000000085100000, 0x0000000085100000, 0x0000000085200000|  0%| F|  |TAMS 0x0000000085100000| PB 0x0000000085100000| Untracked 
|  64|0x0000000085200000, 0x0000000085200000, 0x0000000085300000|  0%| F|  |TAMS 0x0000000085200000| PB 0x0000000085200000| Untracked 
|  65|0x0000000085300000, 0x0000000085300000, 0x0000000085400000|  0%| F|  |TAMS 0x0000000085300000| PB 0x0000000085300000| Untracked 
|  66|0x0000000085400000, 0x0000000085400000, 0x0000000085500000|  0%| F|  |TAMS 0x0000000085400000| PB 0x0000000085400000| Untracked 
|  67|0x0000000085500000, 0x0000000085500000, 0x0000000085600000|  0%| F|  |TAMS 0x0000000085500000| PB 0x0000000085500000| Untracked 
|  68|0x0000000085600000, 0x0000000085600000, 0x0000000085700000|  0%| F|  |TAMS 0x0000000085600000| PB 0x0000000085600000| Untracked 
|  69|0x0000000085700000, 0x0000000085700000, 0x0000000085800000|  0%| F|  |TAMS 0x0000000085700000| PB 0x0000000085700000| Untracked 
|  70|0x0000000085800000, 0x0000000085800000, 0x0000000085900000|  0%| F|  |TAMS 0x0000000085800000| PB 0x0000000085800000| Untracked 
|  71|0x0000000085900000, 0x0000000085900000, 0x0000000085a00000|  0%| F|  |TAMS 0x0000000085900000| PB 0x0000000085900000| Untracked 
|  72|0x0000000085a00000, 0x0000000085a00000, 0x0000000085b00000|  0%| F|  |TAMS 0x0000000085a00000| PB 0x0000000085a00000| Untracked 
|  73|0x0000000085b00000, 0x0000000085b00000, 0x0000000085c00000|  0%| F|  |TAMS 0x0000000085b00000| PB 0x0000000085b00000| Untracked 
|  74|0x0000000085c00000, 0x0000000085c00000, 0x0000000085d00000|  0%| F|  |TAMS 0x0000000085c00000| PB 0x0000000085c00000| Untracked 
|  75|0x0000000085d00000, 0x0000000085d00000, 0x0000000085e00000|  0%| F|  |TAMS 0x0000000085d00000| PB 0x0000000085d00000| Untracked 
|  76|0x0000000085e00000, 0x0000000085e00000, 0x0000000085f00000|  0%| F|  |TAMS 0x0000000085e00000| PB 0x0000000085e00000| Untracked 
|  77|0x0000000085f00000, 0x0000000085f00000, 0x0000000086000000|  0%| F|  |TAMS 0x0000000085f00000| PB 0x0000000085f00000| Untracked 
|  78|0x0000000086000000, 0x0000000086000000, 0x0000000086100000|  0%| F|  |TAMS 0x0000000086000000| PB 0x0000000086000000| Untracked 
|  79|0x0000000086100000, 0x0000000086100000, 0x0000000086200000|  0%| F|  |TAMS 0x0000000086100000| PB 0x0000000086100000| Untracked 
|  80|0x0000000086200000, 0x0000000086200000, 0x0000000086300000|  0%| F|  |TAMS 0x0000000086200000| PB 0x0000000086200000| Untracked 
|  81|0x0000000086300000, 0x0000000086300000, 0x0000000086400000|  0%| F|  |TAMS 0x0000000086300000| PB 0x0000000086300000| Untracked 
|  82|0x0000000086400000, 0x0000000086400000, 0x0000000086500000|  0%| F|  |TAMS 0x0000000086400000| PB 0x0000000086400000| Untracked 
|  83|0x0000000086500000, 0x0000000086500000, 0x0000000086600000|  0%| F|  |TAMS 0x0000000086500000| PB 0x0000000086500000| Untracked 
|  84|0x0000000086600000, 0x0000000086600000, 0x0000000086700000|  0%| F|  |TAMS 0x0000000086600000| PB 0x0000000086600000| Untracked 
|  85|0x0000000086700000, 0x0000000086700000, 0x0000000086800000|  0%| F|  |TAMS 0x0000000086700000| PB 0x0000000086700000| Untracked 
|  86|0x0000000086800000, 0x0000000086800000, 0x0000000086900000|  0%| F|  |TAMS 0x0000000086800000| PB 0x0000000086800000| Untracked 
|  87|0x0000000086900000, 0x0000000086900000, 0x0000000086a00000|  0%| F|  |TAMS 0x0000000086900000| PB 0x0000000086900000| Untracked 
|  88|0x0000000086a00000, 0x0000000086a00000, 0x0000000086b00000|  0%| F|  |TAMS 0x0000000086a00000| PB 0x0000000086a00000| Untracked 
|  89|0x0000000086b00000, 0x0000000086b00000, 0x0000000086c00000|  0%| F|  |TAMS 0x0000000086b00000| PB 0x0000000086b00000| Untracked 
|  90|0x0000000086c00000, 0x0000000086c00000, 0x0000000086d00000|  0%| F|  |TAMS 0x0000000086c00000| PB 0x0000000086c00000| Untracked 
|  91|0x0000000086d00000, 0x0000000086d00000, 0x0000000086e00000|  0%| F|  |TAMS 0x0000000086d00000| PB 0x0000000086d00000| Untracked 
|  92|0x0000000086e00000, 0x0000000086e00000, 0x0000000086f00000|  0%| F|  |TAMS 0x0000000086e00000| PB 0x0000000086e00000| Untracked 
|  93|0x0000000086f00000, 0x0000000086f00000, 0x0000000087000000|  0%| F|  |TAMS 0x0000000086f00000| PB 0x0000000086f00000| Untracked 
|  94|0x0000000087000000, 0x0000000087000000, 0x0000000087100000|  0%| F|  |TAMS 0x0000000087000000| PB 0x0000000087000000| Untracked 
|  95|0x0000000087100000, 0x0000000087100000, 0x0000000087200000|  0%| F|  |TAMS 0x0000000087100000| PB 0x0000000087100000| Untracked 
|  96|0x0000000087200000, 0x00000000872f48c0, 0x0000000087300000| 95%| S|CS|TAMS 0x0000000087200000| PB 0x0000000087200000| Complete 
|  97|0x0000000087300000, 0x0000000087400000, 0x0000000087400000|100%| S|CS|TAMS 0x0000000087300000| PB 0x0000000087300000| Complete 
|  98|0x0000000087400000, 0x0000000087500000, 0x0000000087500000|100%| S|CS|TAMS 0x0000000087400000| PB 0x0000000087400000| Complete 
|  99|0x0000000087500000, 0x0000000087500000, 0x0000000087600000|  0%| F|  |TAMS 0x0000000087500000| PB 0x0000000087500000| Untracked 
| 100|0x0000000087600000, 0x0000000087600000, 0x0000000087700000|  0%| F|  |TAMS 0x0000000087600000| PB 0x0000000087600000| Untracked 
| 101|0x0000000087700000, 0x0000000087700000, 0x0000000087800000|  0%| F|  |TAMS 0x0000000087700000| PB 0x0000000087700000| Untracked 
| 102|0x0000000087800000, 0x0000000087800000, 0x0000000087900000|  0%| F|  |TAMS 0x0000000087800000| PB 0x0000000087800000| Untracked 
| 103|0x0000000087900000, 0x0000000087900000, 0x0000000087a00000|  0%| F|  |TAMS 0x0000000087900000| PB 0x0000000087900000| Untracked 
| 104|0x0000000087a00000, 0x0000000087a00000, 0x0000000087b00000|  0%| F|  |TAMS 0x0000000087a00000| PB 0x0000000087a00000| Untracked 
| 105|0x0000000087b00000, 0x0000000087b00000, 0x0000000087c00000|  0%| F|  |TAMS 0x0000000087b00000| PB 0x0000000087b00000| Untracked 
| 106|0x0000000087c00000, 0x0000000087c00000, 0x0000000087d00000|  0%| F|  |TAMS 0x0000000087c00000| PB 0x0000000087c00000| Untracked 
| 107|0x0000000087d00000, 0x0000000087d00000, 0x0000000087e00000|  0%| F|  |TAMS 0x0000000087d00000| PB 0x0000000087d00000| Untracked 
| 108|0x0000000087e00000, 0x0000000087e00000, 0x0000000087f00000|  0%| F|  |TAMS 0x0000000087e00000| PB 0x0000000087e00000| Untracked 
| 109|0x0000000087f00000, 0x0000000087f00000, 0x0000000088000000|  0%| F|  |TAMS 0x0000000087f00000| PB 0x0000000087f00000| Untracked 
| 110|0x0000000088000000, 0x0000000088000000, 0x0000000088100000|  0%| F|  |TAMS 0x0000000088000000| PB 0x0000000088000000| Untracked 
| 111|0x0000000088100000, 0x0000000088100000, 0x0000000088200000|  0%| F|  |TAMS 0x0000000088100000| PB 0x0000000088100000| Untracked 
| 112|0x0000000088200000, 0x0000000088200000, 0x0000000088300000|  0%| F|  |TAMS 0x0000000088200000| PB 0x0000000088200000| Untracked 
| 113|0x0000000088300000, 0x0000000088300000, 0x0000000088400000|  0%| F|  |TAMS 0x0000000088300000| PB 0x0000000088300000| Untracked 
| 114|0x0000000088400000, 0x0000000088400000, 0x0000000088500000|  0%| F|  |TAMS 0x0000000088400000| PB 0x0000000088400000| Untracked 
| 115|0x0000000088500000, 0x0000000088500000, 0x0000000088600000|  0%| F|  |TAMS 0x0000000088500000| PB 0x0000000088500000| Untracked 
| 116|0x0000000088600000, 0x0000000088600000, 0x0000000088700000|  0%| F|  |TAMS 0x0000000088600000| PB 0x0000000088600000| Untracked 
| 117|0x0000000088700000, 0x0000000088700000, 0x0000000088800000|  0%| F|  |TAMS 0x0000000088700000| PB 0x0000000088700000| Untracked 
| 118|0x0000000088800000, 0x0000000088800000, 0x0000000088900000|  0%| F|  |TAMS 0x0000000088800000| PB 0x0000000088800000| Untracked 
| 119|0x0000000088900000, 0x0000000088900000, 0x0000000088a00000|  0%| F|  |TAMS 0x0000000088900000| PB 0x0000000088900000| Untracked 
| 120|0x0000000088a00000, 0x0000000088a00000, 0x0000000088b00000|  0%| F|  |TAMS 0x0000000088a00000| PB 0x0000000088a00000| Untracked 
| 121|0x0000000088b00000, 0x0000000088b00000, 0x0000000088c00000|  0%| F|  |TAMS 0x0000000088b00000| PB 0x0000000088b00000| Untracked 
| 122|0x0000000088c00000, 0x0000000088c00000, 0x0000000088d00000|  0%| F|  |TAMS 0x0000000088c00000| PB 0x0000000088c00000| Untracked 
| 123|0x0000000088d00000, 0x0000000088d00000, 0x0000000088e00000|  0%| F|  |TAMS 0x0000000088d00000| PB 0x0000000088d00000| Untracked 
| 124|0x0000000088e00000, 0x0000000088e00000, 0x0000000088f00000|  0%| F|  |TAMS 0x0000000088e00000| PB 0x0000000088e00000| Untracked 
| 125|0x0000000088f00000, 0x0000000088f9c248, 0x0000000089000000| 60%| E|  |TAMS 0x0000000088f00000| PB 0x0000000088f00000| Complete 
| 126|0x0000000089000000, 0x0000000089100000, 0x0000000089100000|100%| E|CS|TAMS 0x0000000089000000| PB 0x0000000089000000| Complete 
| 127|0x0000000089100000, 0x0000000089200000, 0x0000000089200000|100%| E|CS|TAMS 0x0000000089100000| PB 0x0000000089100000| Complete 

Card table byte_map: [0x0000025a63db0000,0x0000025a641b0000] _byte_map_base: 0x0000025a639a7000

Marking Bits: (CMBitMap*) 0x0000025a4c325360
 Bits: [0x0000025a641b0000, 0x0000025a66168000)

Polling page: 0x0000025a49f30000

Metaspace:

Usage:
  Non-class:      9.85 MB used.
      Class:      1.39 MB used.
       Both:     11.24 MB used.

Virtual space:
  Non-class space:       64.00 MB reserved,      10.00 MB ( 16%) committed,  1 nodes.
      Class space:        1.00 GB reserved,       1.56 MB ( <1%) committed,  1 nodes.
             Both:        1.06 GB reserved,      11.56 MB (  1%) committed. 

Chunk freelists:
   Non-Class:  5.67 MB
       Class:  14.36 MB
        Both:  20.03 MB

MaxMetaspaceSize: unlimited
CompressedClassSpaceSize: 1.00 GB
Initial GC threshold: 21.00 MB
Current GC threshold: 21.00 MB
CDS: on
 - commit_granule_bytes: 65536.
 - commit_granule_words: 8192.
 - virtual_space_node_default_size: 8388608.
 - enlarge_chunks_in_place: 1.
 - use_allocation_guard: 0.


Internal statistics:

num_allocs_failed_limit: 0.
num_arena_births: 210.
num_arena_deaths: 0.
num_vsnodes_births: 2.
num_vsnodes_deaths: 0.
num_space_committed: 185.
num_space_uncommitted: 0.
num_chunks_returned_to_freelist: 0.
num_chunks_taken_from_freelist: 640.
num_chunk_merges: 0.
num_chunk_splits: 372.
num_chunks_enlarged: 240.
num_inconsistent_stats: 0.

CodeHeap 'non-profiled nmethods': size=120000Kb used=683Kb max_used=683Kb free=119317Kb
 bounds [0x0000025a5c480000, 0x0000025a5c6f0000, 0x0000025a639b0000]
CodeHeap 'profiled nmethods': size=120000Kb used=3630Kb max_used=3630Kb free=116369Kb
 bounds [0x0000025a549b0000, 0x0000025a54d40000, 0x0000025a5bee0000]
CodeHeap 'non-nmethods': size=5760Kb used=1390Kb max_used=1401Kb free=4369Kb
 bounds [0x0000025a5bee0000, 0x0000025a5c150000, 0x0000025a5c480000]
 total_blobs=2373 nmethods=1892 adapters=386
 compilation: enabled
              stopped_count=0, restarted_count=0
 full_count=0

Compilation events (20 events):
Event: 2.519 Thread 0x0000025a68663d00 1871       3       java.lang.invoke.DelegatingMethodHandle::<init> (10 bytes)
Event: 2.519 Thread 0x0000025a68663d00 nmethod 1871 0x0000025a54d26410 code [0x0000025a54d265e0, 0x0000025a54d269a0]
Event: 2.519 Thread 0x0000025a68663d00 1872       3       java.lang.invoke.DelegatingMethodHandle::chooseDelegatingForm (24 bytes)
Event: 2.520 Thread 0x0000025a68663d00 nmethod 1872 0x0000025a54d26b10 code [0x0000025a54d26ce0, 0x0000025a54d27000]
Event: 2.531 Thread 0x0000025a68663d00 1873       3       java.util.concurrent.CopyOnWriteArrayList::get (9 bytes)
Event: 2.531 Thread 0x0000025a68663d00 nmethod 1873 0x0000025a54d27110 code [0x0000025a54d272c0, 0x0000025a54d27468]
Event: 2.531 Thread 0x0000025a68663d00 1874       3       java.util.concurrent.CopyOnWriteArrayList::elementAt (4 bytes)
Event: 2.531 Thread 0x0000025a68663d00 nmethod 1874 0x0000025a54d27590 code [0x0000025a54d27720, 0x0000025a54d27838]
Event: 2.531 Thread 0x0000025a68663d00 1875       3       java.lang.ref.SoftReference::get (29 bytes)
Event: 2.531 Thread 0x0000025a68663d00 nmethod 1875 0x0000025a54d27910 code [0x0000025a54d27ac0, 0x0000025a54d27c80]
Event: 2.531 Thread 0x0000025a68663d00 1877       3       java.lang.invoke.MemberName::equals (69 bytes)
Event: 2.533 Thread 0x0000025a68663d00 nmethod 1877 0x0000025a54d27d10 code [0x0000025a54d27fa0, 0x0000025a54d28aa8]
Event: 2.533 Thread 0x0000025a68663d00 1876       3       org.springframework.core.annotation.AnnotationsScanner::hasPlainJavaAnnotationsOnly (41 bytes)
Event: 2.533 Thread 0x0000025a68663d00 nmethod 1876 0x0000025a54d28d90 code [0x0000025a54d29000, 0x0000025a54d29b70]
Event: 2.534 Thread 0x0000025a68663d00 1878   !   3       jdk.proxy2.$Proxy3::annotationType (29 bytes)
Event: 2.534 Thread 0x0000025a68663d00 nmethod 1878 0x0000025a54d29e10 code [0x0000025a54d29fe0, 0x0000025a54d2a3e0]
Event: 2.534 Thread 0x0000025a68663d00 1879       3       org.springframework.core.annotation.MergedAnnotations::from (41 bytes)
Event: 2.535 Thread 0x0000025a68663d00 nmethod 1879 0x0000025a54d2a590 code [0x0000025a54d2a7e0, 0x0000025a54d2afd0]
Event: 2.535 Thread 0x0000025a68663d00 1880       3       org.springframework.core.annotation.TypeMappedAnnotations::from (27 bytes)
Event: 2.535 Thread 0x0000025a68663d00 nmethod 1880 0x0000025a54d2b310 code [0x0000025a54d2b4e0, 0x0000025a54d2b760]

GC Heap History (6 events):
Event: 0.779 GC heap before
{Heap before GC invocations=0 (full 0):
 garbage-first heap   total 131072K, used 16384K [0x0000000081200000, 0x0000000100000000)
  region size 1024K, 13 young (13312K), 0 survivors (0K)
 Metaspace       used 1198K, committed 1344K, reserved 1114112K
  class space    used 85K, committed 128K, reserved 1048576K
}
Event: 0.785 GC heap after
{Heap after GC invocations=1 (full 0):
 garbage-first heap   total 131072K, used 12560K [0x0000000081200000, 0x0000000100000000)
  region size 1024K, 2 young (2048K), 2 survivors (2048K)
 Metaspace       used 1198K, committed 1344K, reserved 1114112K
  class space    used 85K, committed 128K, reserved 1048576K
}
Event: 1.166 GC heap before
{Heap before GC invocations=1 (full 0):
 garbage-first heap   total 131072K, used 20752K [0x0000000081200000, 0x0000000100000000)
  region size 1024K, 10 young (10240K), 2 survivors (2048K)
 Metaspace       used 3332K, committed 3520K, reserved 1114112K
  class space    used 355K, committed 448K, reserved 1048576K
}
Event: 1.170 GC heap after
{Heap after GC invocations=2 (full 0):
 garbage-first heap   total 131072K, used 13156K [0x0000000081200000, 0x0000000100000000)
  region size 1024K, 1 young (1024K), 1 survivors (1024K)
 Metaspace       used 3332K, committed 3520K, reserved 1114112K
  class space    used 355K, committed 448K, reserved 1048576K
}
Event: 2.474 GC heap before
{Heap before GC invocations=2 (full 0):
 garbage-first heap   total 131072K, used 40804K [0x0000000081200000, 0x0000000100000000)
  region size 1024K, 29 young (29696K), 1 survivors (1024K)
 Metaspace       used 10960K, committed 11200K, reserved 1114112K
  class space    used 1348K, committed 1472K, reserved 1048576K
}
Event: 2.483 GC heap after
{Heap after GC invocations=3 (full 0):
 garbage-first heap   total 131072K, used 15688K [0x0000000081200000, 0x0000000100000000)
  region size 1024K, 3 young (3072K), 3 survivors (3072K)
 Metaspace       used 10960K, committed 11200K, reserved 1114112K
  class space    used 1348K, committed 1472K, reserved 1048576K
}

Dll operation events (7 events):
Event: 0.018 Loaded shared library C:\Program Files\Eclipse Adoptium\jdk-21.0.7.6-hotspot\bin\java.dll
Event: 0.086 Loaded shared library C:\Program Files\Eclipse Adoptium\jdk-21.0.7.6-hotspot\bin\jsvml.dll
Event: 0.412 Loaded shared library C:\Program Files\Eclipse Adoptium\jdk-21.0.7.6-hotspot\bin\net.dll
Event: 0.416 Loaded shared library C:\Program Files\Eclipse Adoptium\jdk-21.0.7.6-hotspot\bin\nio.dll
Event: 0.421 Loaded shared library C:\Program Files\Eclipse Adoptium\jdk-21.0.7.6-hotspot\bin\zip.dll
Event: 0.702 Loaded shared library C:\Program Files\Eclipse Adoptium\jdk-21.0.7.6-hotspot\bin\jimage.dll
Event: 0.765 Loaded shared library C:\Program Files\Eclipse Adoptium\jdk-21.0.7.6-hotspot\bin\extnet.dll

Deoptimization events (20 events):
Event: 2.484 Thread 0x0000025a6864fb10 Uncommon trap: trap_request=0xffffff45 fr.pc=0x0000025a5c519688 relative=0x0000000000000168
Event: 2.484 Thread 0x0000025a6864fb10 Uncommon trap: reason=unstable_if action=reinterpret pc=0x0000025a5c519688 method=java.util.concurrent.locks.ReentrantLock$NonfairSync.initialTryLock()Z @ 10 c2
Event: 2.484 Thread 0x0000025a6864fb10 DEOPT PACKING pc=0x0000025a5c519688 sp=0x000000f6652ff3a0
Event: 2.484 Thread 0x0000025a6864fb10 DEOPT UNPACKING pc=0x0000025a5bf3469c sp=0x000000f6652ff290 mode 2
Event: 2.484 Thread 0x0000025a68659d40 Uncommon trap: trap_request=0xffffff45 fr.pc=0x0000025a5c512178 relative=0x0000000000000158
Event: 2.484 Thread 0x0000025a68659d40 Uncommon trap: reason=unstable_if action=reinterpret pc=0x0000025a5c512178 method=java.util.concurrent.locks.ReentrantLock$NonfairSync.initialTryLock()Z @ 10 c2
Event: 2.485 Thread 0x0000025a68659d40 DEOPT PACKING pc=0x0000025a5c512178 sp=0x000000f665bfef60
Event: 2.485 Thread 0x0000025a68659d40 DEOPT UNPACKING pc=0x0000025a5bf3469c sp=0x000000f665bfef08 mode 2
Event: 2.506 Thread 0x0000025a4c2ce970 Uncommon trap: trap_request=0xffffff45 fr.pc=0x0000025a5c51f0ec relative=0x00000000000000cc
Event: 2.506 Thread 0x0000025a4c2ce970 Uncommon trap: reason=unstable_if action=reinterpret pc=0x0000025a5c51f0ec method=java.lang.ref.SoftReference.get()Ljava/lang/Object; @ 6 c2
Event: 2.506 Thread 0x0000025a4c2ce970 DEOPT PACKING pc=0x0000025a5c51f0ec sp=0x000000f664afc9c0
Event: 2.506 Thread 0x0000025a4c2ce970 DEOPT UNPACKING pc=0x0000025a5bf3469c sp=0x000000f664afc978 mode 2
Event: 2.525 Thread 0x0000025a4c2ce970 DEOPT PACKING pc=0x0000025a54c7a7da sp=0x000000f664afb990
Event: 2.525 Thread 0x0000025a4c2ce970 DEOPT UNPACKING pc=0x0000025a5bf34e23 sp=0x000000f664afae20 mode 0
Event: 2.526 Thread 0x0000025a4c2ce970 DEOPT PACKING pc=0x0000025a54c7a7da sp=0x000000f664afb990
Event: 2.526 Thread 0x0000025a4c2ce970 DEOPT UNPACKING pc=0x0000025a5bf34e23 sp=0x000000f664afae20 mode 0
Event: 2.527 Thread 0x0000025a4c2ce970 DEOPT PACKING pc=0x0000025a54c4d082 sp=0x000000f664afa440
Event: 2.527 Thread 0x0000025a4c2ce970 DEOPT UNPACKING pc=0x0000025a5bf34e23 sp=0x000000f664af98c8 mode 0
Event: 2.541 Thread 0x0000025a4c2ce970 DEOPT PACKING pc=0x0000025a54cb939f sp=0x000000f664afb390
Event: 2.542 Thread 0x0000025a4c2ce970 DEOPT UNPACKING pc=0x0000025a5bf34e23 sp=0x000000f664afa868 mode 0

Classes loaded (20 events):
Event: 2.435 Loading class java/time/Month
Event: 2.435 Loading class java/time/Month done
Event: 2.436 Loading class java/time/YearMonth
Event: 2.437 Loading class java/time/YearMonth done
Event: 2.438 Loading class java/time/MonthDay
Event: 2.438 Loading class java/time/MonthDay done
Event: 2.448 Loading class sun/reflect/generics/tree/CharSignature
Event: 2.448 Loading class sun/reflect/generics/tree/CharSignature done
Event: 2.448 Loading class sun/reflect/generics/tree/ArrayTypeSignature
Event: 2.448 Loading class sun/reflect/generics/tree/ArrayTypeSignature done
Event: 2.450 Loading class java/net/UnknownHostException
Event: 2.450 Loading class java/net/UnknownHostException done
Event: 2.464 Loading class sun/reflect/generics/tree/ByteSignature
Event: 2.464 Loading class sun/reflect/generics/tree/ByteSignature done
Event: 2.505 Loading class java/util/function/UnaryOperator
Event: 2.505 Loading class java/util/function/UnaryOperator done
Event: 2.506 Loading class java/util/ConcurrentModificationException
Event: 2.506 Loading class java/util/ConcurrentModificationException done
Event: 2.532 Loading class java/lang/ThreadLocal$SuppliedThreadLocal
Event: 2.532 Loading class java/lang/ThreadLocal$SuppliedThreadLocal done

Classes unloaded (0 events):
No events

Classes redefined (0 events):
No events

Internal exceptions (20 events):
Event: 1.319 Thread 0x0000025a4c2ce970 Exception <a 'java/lang/NoSuchMethodError'{0x0000000088e18aa8}: 'void java.lang.invoke.DirectMethodHandle$Holder.invokeInterface(java.lang.Object, java.lang.Object, java.lang.Object, java.lang.Object)'> (0x0000000088e18aa8) 
thrown [s\src\hotspot\share\interpreter\linkResolver.cpp, line 773]
Event: 1.319 Thread 0x0000025a4c2ce970 Exception <a 'java/lang/IncompatibleClassChangeError'{0x0000000088e1c110}: Found class java.lang.Object, but interface was expected> (0x0000000088e1c110) 
thrown [s\src\hotspot\share\interpreter\linkResolver.cpp, line 840]
Event: 1.325 Thread 0x0000025a4c2ce970 Exception <a 'java/lang/NoSuchMethodError'{0x0000000088e40118}: 'void java.lang.invoke.DirectMethodHandle$Holder.invokeStatic(java.lang.Object, java.lang.Object, java.lang.Object, java.lang.Object)'> (0x0000000088e40118) 
thrown [s\src\hotspot\share\interpreter\linkResolver.cpp, line 773]
Event: 1.398 Thread 0x0000025a4c2ce970 Exception <a 'java/lang/NoSuchMethodError'{0x0000000088c30b40}: 'java.lang.Object java.lang.invoke.DirectMethodHandle$Holder.invokeSpecial(java.lang.Object, java.lang.Object, java.lang.Object, long, java.lang.Object)'> (0x0000000088c30b40) 
thrown [s\src\hotspot\share\interpreter\linkResolver.cpp, line 773]
Event: 1.398 Thread 0x0000025a4c2ce970 Exception <a 'java/lang/NoSuchMethodError'{0x0000000088c344b0}: 'java.lang.Object java.lang.invoke.Invokers$Holder.linkToTargetMethod(java.lang.Object, long, java.lang.Object, java.lang.Object)'> (0x0000000088c344b0) 
thrown [s\src\hotspot\share\interpreter\linkResolver.cpp, line 773]
Event: 1.480 Thread 0x0000025a4c2ce970 Exception <a 'java/lang/NoSuchMethodError'{0x0000000088be6b40}: 'java.lang.Object java.lang.invoke.Invokers$Holder.invokeExact_MT(java.lang.Object, java.lang.Object, java.lang.Object, java.lang.Object, java.lang.Object, java.lang.Object)'> (0x0000000088be6b40) 
thrown [s\src\hotspot\share\interpreter\linkResolver.cpp, line 773]
Event: 1.483 Thread 0x0000025a4c2ce970 Exception <a 'java/lang/NoSuchMethodError'{0x0000000088bf47e8}: 'int java.lang.invoke.DirectMethodHandle$Holder.invokeStatic(java.lang.Object, java.lang.Object, java.lang.Object, java.lang.Object, java.lang.Object)'> (0x0000000088bf47e8) 
thrown [s\src\hotspot\share\interpreter\linkResolver.cpp, line 773]
Event: 1.501 Thread 0x0000025a4c2ce970 Exception <a 'java/lang/NoSuchMethodError'{0x0000000088a457e8}: 'void java.lang.invoke.DirectMethodHandle$Holder.invokeStaticInit(java.lang.Object)'> (0x0000000088a457e8) 
thrown [s\src\hotspot\share\interpreter\linkResolver.cpp, line 773]
Event: 1.535 Thread 0x0000025a4c2ce970 Exception <a 'java/lang/NoSuchMethodError'{0x000000008881fd08}: 'void java.lang.invoke.DirectMethodHandle$Holder.invokeStaticInit(java.lang.Object, java.lang.Object, java.lang.Object, java.lang.Object)'> (0x000000008881fd08) 
thrown [s\src\hotspot\share\interpreter\linkResolver.cpp, line 773]
Event: 1.553 Thread 0x0000025a4c2ce970 Exception <a 'java/lang/NoSuchMethodError'{0x0000000088882fa8}: 'int java.lang.invoke.DirectMethodHandle$Holder.invokeStaticInit(java.lang.Object, java.lang.Object)'> (0x0000000088882fa8) 
thrown [s\src\hotspot\share\interpreter\linkResolver.cpp, line 773]
Event: 1.765 Thread 0x0000025a4c2ce970 Exception <a 'java/lang/NoSuchMethodError'{0x0000000088200fe8}: 'int java.lang.invoke.DirectMethodHandle$Holder.invokeStaticInit(java.lang.Object, java.lang.Object, java.lang.Object)'> (0x0000000088200fe8) 
thrown [s\src\hotspot\share\interpreter\linkResolver.cpp, line 773]
Event: 1.804 Thread 0x0000025a4c2ce970 Exception <a 'java/lang/NoSuchMethodError'{0x0000000088104620}: 'int java.lang.invoke.DirectMethodHandle$Holder.invokeInterface(java.lang.Object, java.lang.Object)'> (0x0000000088104620) 
thrown [s\src\hotspot\share\interpreter\linkResolver.cpp, line 773]
Event: 1.833 Thread 0x0000025a4c2ce970 Exception <a 'java/lang/NoSuchMethodError'{0x00000000881b5bb0}: 'void java.lang.invoke.DirectMethodHandle$Holder.invokeStaticInit(java.lang.Object, java.lang.Object)'> (0x00000000881b5bb0) 
thrown [s\src\hotspot\share\interpreter\linkResolver.cpp, line 773]
Event: 1.865 Thread 0x0000025a4c2ce970 Exception <a 'java/lang/NoSuchMethodError'{0x0000000088088aa0}: 'int java.lang.invoke.DirectMethodHandle$Holder.invokeVirtual(java.lang.Object, java.lang.Object, java.lang.Object)'> (0x0000000088088aa0) 
thrown [s\src\hotspot\share\interpreter\linkResolver.cpp, line 773]
Event: 1.984 Thread 0x0000025a4c2ce970 Exception <a 'java/lang/IncompatibleClassChangeError'{0x0000000087ed79b8}: Found class java.lang.Object, but interface was expected> (0x0000000087ed79b8) 
thrown [s\src\hotspot\share\interpreter\linkResolver.cpp, line 840]
Event: 2.080 Thread 0x0000025a4c2ce970 Exception <a 'java/lang/NoSuchMethodError'{0x0000000087c0e8d8}: 'int java.lang.invoke.DirectMethodHandle$Holder.invokeSpecial(java.lang.Object, java.lang.Object, java.lang.Object, java.lang.Object)'> (0x0000000087c0e8d8) 
thrown [s\src\hotspot\share\interpreter\linkResolver.cpp, line 773]
Event: 2.088 Thread 0x0000025a4c2ce970 Exception <a 'java/lang/NoSuchMethodError'{0x0000000087c2b0a8}: 'int java.lang.invoke.DirectMethodHandle$Holder.invokeSpecial(java.lang.Object, java.lang.Object, java.lang.Object, java.lang.Object, java.lang.Object)'> (0x0000000087c2b0a8) 
thrown [s\src\hotspot\share\interpreter\linkResolver.cpp, line 773]
Event: 2.091 Thread 0x0000025a4c2ce970 Exception <a 'java/lang/NoSuchMethodError'{0x0000000087c33b68}: 'void java.lang.invoke.DirectMethodHandle$Holder.invokeVirtual(java.lang.Object, java.lang.Object)'> (0x0000000087c33b68) 
thrown [s\src\hotspot\share\interpreter\linkResolver.cpp, line 773]
Event: 2.270 Thread 0x0000025a4c2ce970 Exception <a 'java/lang/NoSuchMethodError'{0x000000008783fae8}: 'void java.lang.invoke.DirectMethodHandle$Holder.invokeVirtual(java.lang.Object, java.lang.Object, java.lang.Object, java.lang.Object)'> (0x000000008783fae8) 
thrown [s\src\hotspot\share\interpreter\linkResolver.cpp, line 773]
Event: 2.515 Thread 0x0000025a4c2ce970 Exception <a 'java/lang/NoSuchMethodError'{0x00000000891937d8}: 'java.lang.Object java.lang.invoke.DirectMethodHandle$Holder.newInvokeSpecial(java.lang.Object, java.lang.Object, java.lang.Object, java.lang.Object, java.lang.Object, java.lang.Object, java.lang.Object)'> (0x00000000891937d8) 
thrown [s\src\hotspot\share\interpreter\linkResolver.cpp, line 773]

ZGC Phase Switch (0 events):
No events

VM Operations (20 events):
Event: 1.283 Executing VM operation: HandshakeAllThreads (Deoptimize)
Event: 1.283 Executing VM operation: HandshakeAllThreads (Deoptimize) done
Event: 1.304 Executing VM operation: HandshakeAllThreads (Deoptimize)
Event: 1.304 Executing VM operation: HandshakeAllThreads (Deoptimize) done
Event: 1.345 Executing VM operation: HandshakeAllThreads (Deoptimize)
Event: 1.345 Executing VM operation: HandshakeAllThreads (Deoptimize) done
Event: 1.485 Executing VM operation: HandshakeAllThreads (Deoptimize)
Event: 1.485 Executing VM operation: HandshakeAllThreads (Deoptimize) done
Event: 1.485 Executing VM operation: HandshakeAllThreads (Deoptimize)
Event: 1.485 Executing VM operation: HandshakeAllThreads (Deoptimize) done
Event: 1.806 Executing VM operation: HandshakeAllThreads (Deoptimize)
Event: 1.806 Executing VM operation: HandshakeAllThreads (Deoptimize) done
Event: 1.964 Executing VM operation: ICBufferFull
Event: 1.964 Executing VM operation: ICBufferFull done
Event: 2.018 Executing VM operation: HandshakeAllThreads (Deoptimize)
Event: 2.019 Executing VM operation: HandshakeAllThreads (Deoptimize) done
Event: 2.261 Executing VM operation: HandshakeAllThreads (Deoptimize)
Event: 2.261 Executing VM operation: HandshakeAllThreads (Deoptimize) done
Event: 2.474 Executing VM operation: G1CollectForAllocation (G1 Evacuation Pause)
Event: 2.483 Executing VM operation: G1CollectForAllocation (G1 Evacuation Pause) done

Memory protections (0 events):
No events

Nmethod flushes (0 events):
No events

Events (13 events):
Event: 0.047 Thread 0x0000025a4c2ce970 Thread added: 0x0000025a4c2ce970
Event: 0.082 Thread 0x0000025a4c2ce970 Thread added: 0x0000025a6864fb10
Event: 0.082 Thread 0x0000025a4c2ce970 Thread added: 0x0000025a68651370
Event: 0.083 Thread 0x0000025a4c2ce970 Thread added: 0x0000025a68656f20
Event: 0.083 Thread 0x0000025a4c2ce970 Thread added: 0x0000025a68657b20
Event: 0.083 Thread 0x0000025a4c2ce970 Thread added: 0x0000025a686596b0
Event: 0.083 Thread 0x0000025a4c2ce970 Thread added: 0x0000025a6865c4a0
Event: 0.083 Thread 0x0000025a4c2ce970 Thread added: 0x0000025a68662920
Event: 0.084 Thread 0x0000025a4c2ce970 Thread added: 0x0000025a68663d00
Event: 0.399 Thread 0x0000025a4c2ce970 Thread added: 0x0000025a6865be10
Event: 0.405 Thread 0x0000025a4c2ce970 Thread added: 0x0000025a68659d40
Event: 0.482 Thread 0x0000025a68663d00 Thread added: 0x0000025a688a4b80
Event: 0.779 Thread 0x0000025a4c2ce970 Thread added: 0x0000025a6865aa60


Dynamic libraries:
0x00007ff6489b0000 - 0x00007ff6489be000 	C:\Program Files\Eclipse Adoptium\jdk-21.0.7.6-hotspot\bin\javaw.exe
0x00007ffc0fb30000 - 0x00007ffc0fd28000 	C:\WINDOWS\SYSTEM32\ntdll.dll
0x00007ffc0ed90000 - 0x00007ffc0ee52000 	C:\WINDOWS\System32\KERNEL32.DLL
0x00007ffc0d580000 - 0x00007ffc0d876000 	C:\WINDOWS\System32\KERNELBASE.dll
0x00007ffc0d1f0000 - 0x00007ffc0d2f0000 	C:\WINDOWS\System32\ucrtbase.dll
0x00007ffc07890000 - 0x00007ffc078ae000 	C:\Program Files\Eclipse Adoptium\jdk-21.0.7.6-hotspot\bin\VCRUNTIME140.dll
0x00007ffc079f0000 - 0x00007ffc07a08000 	C:\Program Files\Eclipse Adoptium\jdk-21.0.7.6-hotspot\bin\jli.dll
0x00007ffc0f460000 - 0x00007ffc0f5fd000 	C:\WINDOWS\System32\USER32.dll
0x00007ffbfa4f0000 - 0x00007ffbfa78a000 	C:\WINDOWS\WinSxS\amd64_microsoft.windows.common-controls_6595b64144ccf1df_6.0.19041.5915_none_60b4b9d171f9c7c7\COMCTL32.dll
0x00007ffc0d450000 - 0x00007ffc0d472000 	C:\WINDOWS\System32\win32u.dll
0x00007ffc0fa50000 - 0x00007ffc0faee000 	C:\WINDOWS\System32\msvcrt.dll
0x00007ffc0db50000 - 0x00007ffc0db7b000 	C:\WINDOWS\System32\GDI32.dll
0x00007ffc0d880000 - 0x00007ffc0d998000 	C:\WINDOWS\System32\gdi32full.dll
0x00007ffc0dab0000 - 0x00007ffc0db4d000 	C:\WINDOWS\System32\msvcp_win.dll
0x00007ffc0f7a0000 - 0x00007ffc0f7cf000 	C:\WINDOWS\System32\IMM32.DLL
0x00007ffc0a7b0000 - 0x00007ffc0a7bc000 	C:\Program Files\Eclipse Adoptium\jdk-21.0.7.6-hotspot\bin\vcruntime140_1.dll
0x00007ffbedbd0000 - 0x00007ffbedc5d000 	C:\Program Files\Eclipse Adoptium\jdk-21.0.7.6-hotspot\bin\msvcp140.dll
0x00007ffbe7670000 - 0x00007ffbe8400000 	C:\Program Files\Eclipse Adoptium\jdk-21.0.7.6-hotspot\bin\server\jvm.dll
0x00007ffc0dbe0000 - 0x00007ffc0dc91000 	C:\WINDOWS\System32\ADVAPI32.dll
0x00007ffc0e2f0000 - 0x00007ffc0e38f000 	C:\WINDOWS\System32\sechost.dll
0x00007ffc0f870000 - 0x00007ffc0f993000 	C:\WINDOWS\System32\RPCRT4.dll
0x00007ffc0d1c0000 - 0x00007ffc0d1e7000 	C:\WINDOWS\System32\bcrypt.dll
0x00007ffc0ecb0000 - 0x00007ffc0ed1b000 	C:\WINDOWS\System32\WS2_32.dll
0x00007ffc0cf70000 - 0x00007ffc0cfbb000 	C:\WINDOWS\SYSTEM32\POWRPROF.dll
0x00007ffbf22b0000 - 0x00007ffbf22d7000 	C:\WINDOWS\SYSTEM32\WINMM.dll
0x00007ffc024b0000 - 0x00007ffc024ba000 	C:\WINDOWS\SYSTEM32\VERSION.dll
0x00007ffc0cf50000 - 0x00007ffc0cf62000 	C:\WINDOWS\SYSTEM32\UMPDC.dll
0x00007ffc0b000000 - 0x00007ffc0b012000 	C:\WINDOWS\SYSTEM32\kernel.appcore.dll
0x00007ffc07440000 - 0x00007ffc0744a000 	C:\Program Files\Eclipse Adoptium\jdk-21.0.7.6-hotspot\bin\jimage.dll
0x00007ffc00940000 - 0x00007ffc00b41000 	C:\WINDOWS\SYSTEM32\DBGHELP.DLL
0x00007ffc010b0000 - 0x00007ffc010e4000 	C:\WINDOWS\SYSTEM32\dbgcore.DLL
0x00007ffc0d9a0000 - 0x00007ffc0da22000 	C:\WINDOWS\System32\bcryptPrimitives.dll
0x00007ffc06500000 - 0x00007ffc0651f000 	C:\Program Files\Eclipse Adoptium\jdk-21.0.7.6-hotspot\bin\java.dll
0x00007ffc0e390000 - 0x00007ffc0eafe000 	C:\WINDOWS\System32\SHELL32.dll
0x00007ffc0b200000 - 0x00007ffc0b9a4000 	C:\WINDOWS\SYSTEM32\windows.storage.dll
0x00007ffc0f080000 - 0x00007ffc0f3d3000 	C:\WINDOWS\System32\combase.dll
0x00007ffc0ca40000 - 0x00007ffc0ca6b000 	C:\WINDOWS\SYSTEM32\Wldp.dll
0x00007ffc0f6d0000 - 0x00007ffc0f79d000 	C:\WINDOWS\System32\OLEAUT32.dll
0x00007ffc0f9a0000 - 0x00007ffc0fa4d000 	C:\WINDOWS\System32\SHCORE.dll
0x00007ffc0db80000 - 0x00007ffc0dbdb000 	C:\WINDOWS\System32\shlwapi.dll
0x00007ffc0d0f0000 - 0x00007ffc0d114000 	C:\WINDOWS\SYSTEM32\profapi.dll
0x00007ffbec500000 - 0x00007ffbec5d7000 	C:\Program Files\Eclipse Adoptium\jdk-21.0.7.6-hotspot\bin\jsvml.dll
0x00007ffc07e00000 - 0x00007ffc07e10000 	C:\Program Files\Eclipse Adoptium\jdk-21.0.7.6-hotspot\bin\net.dll
0x00007ffc04570000 - 0x00007ffc0467a000 	C:\WINDOWS\SYSTEM32\WINHTTP.dll
0x00007ffc0c820000 - 0x00007ffc0c88a000 	C:\WINDOWS\system32\mswsock.dll
0x00007ffc05910000 - 0x00007ffc05926000 	C:\Program Files\Eclipse Adoptium\jdk-21.0.7.6-hotspot\bin\nio.dll
0x00007ffc03090000 - 0x00007ffc030a8000 	C:\Program Files\Eclipse Adoptium\jdk-21.0.7.6-hotspot\bin\zip.dll
0x00007ffc0c520000 - 0x00007ffc0c55b000 	C:\WINDOWS\SYSTEM32\IPHLPAPI.DLL
0x00007ffc0f7d0000 - 0x00007ffc0f7d8000 	C:\WINDOWS\System32\NSI.dll
0x00007ffc05220000 - 0x00007ffc05229000 	C:\Program Files\Eclipse Adoptium\jdk-21.0.7.6-hotspot\bin\extnet.dll
0x00007ffc07430000 - 0x00007ffc07440000 	C:\Program Files\Eclipse Adoptium\jdk-21.0.7.6-hotspot\bin\verify.dll

dbghelp: loaded successfully - version: 4.0.5 - missing functions: none
symbol engine: initialized successfully - sym options: 0x614 - pdb path: .;C:\Program Files\Eclipse Adoptium\jdk-21.0.7.6-hotspot\bin;C:\WINDOWS\SYSTEM32;C:\WINDOWS\WinSxS\amd64_microsoft.windows.common-controls_6595b64144ccf1df_6.0.19041.5915_none_60b4b9d171f9c7c7;C:\Program Files\Eclipse Adoptium\jdk-21.0.7.6-hotspot\bin\server

VM Arguments:
jvm_args: -ea -Dfile.encoding=UTF-8 -Dstdout.encoding=UTF-8 -Dstderr.encoding=UTF-8 -XX:+ShowCodeDetailsInExceptionMessages 
java_command: org.eclipse.jdt.internal.junit.runner.RemoteTestRunner -version 3 -port 59623 -testLoaderClass org.eclipse.jdt.internal.junit5.runner.JUnit5TestLoader -loaderpluginname org.eclipse.jdt.junit5.runtime -classNames com.apiconsultacreditos.controller.CreditoControllerIntegrationTest
java_class_path (initial): C:\workspace-consultacredito\apiconsultacreditos\target\test-classes;C:\workspace-consultacredito\apiconsultacreditos\target\classes;C:\Users\4OFFICE\.m2\repository\org\springframework\boot\spring-boot-starter-web\3.5.3\spring-boot-starter-web-3.5.3.jar;C:\Users\4OFFICE\.m2\repository\org\springframework\boot\spring-boot-starter\3.5.3\spring-boot-starter-3.5.3.jar;C:\Users\4OFFICE\.m2\repository\org\springframework\boot\spring-boot-starter-logging\3.5.3\spring-boot-starter-logging-3.5.3.jar;C:\Users\4OFFICE\.m2\repository\org\apache\logging\log4j\log4j-to-slf4j\2.24.3\log4j-to-slf4j-2.24.3.jar;C:\Users\4OFFICE\.m2\repository\org\apache\logging\log4j\log4j-api\2.24.3\log4j-api-2.24.3.jar;C:\Users\4OFFICE\.m2\repository\org\slf4j\jul-to-slf4j\2.0.17\jul-to-slf4j-2.0.17.jar;C:\Users\4OFFICE\.m2\repository\jakarta\annotation\jakarta.annotation-api\2.1.1\jakarta.annotation-api-2.1.1.jar;C:\Users\4OFFICE\.m2\repository\org\yaml\snakeyaml\2.4\snakeyaml-2.4.jar;C:\Users\4OFFICE\.m2\repository\org\springframework\boot\spring-boot-starter-json\3.5.3\spring-boot-starter-json-3.5.3.jar;C:\Users\4OFFICE\.m2\repository\com\fasterxml\jackson\core\jackson-databind\2.19.1\jackson-databind-2.19.1.jar;C:\Users\4OFFICE\.m2\repository\com\fasterxml\jackson\core\jackson-core\2.19.1\jackson-core-2.19.1.jar;C:\Users\4OFFICE\.m2\repository\com\fasterxml\jackson\datatype\jackson-datatype-jdk8\2.19.1\jackson-datatype-jdk8-2.19.1.jar;C:\Users\4OFFICE\.m2\repository\com\fasterxml\jackson\datatype\jackson-datatype-jsr310\2.19.1\jackson-datatype-jsr310-2.19.1.jar;C:\Users\4OFFICE\.m2\repository\com\fasterxml\jackson\module\jackson-module-parameter-names\2.19.1\jackson-module-parameter-names-2.19.1.jar;C:\Users\4OFFICE\.m2\repository\org\springframework\boot\spring-boot-starter-tomcat\3.5.3\spring-boot-starter-tomcat-3.5.3.jar;C:\Users\4OFFICE\.m2\repository\org\apache\tomcat\embed\tomcat-embed-core\10.1.42\tomcat-embed-core-10.1.42.jar;C:\Users\4OFFICE\.m2\repository\org\apache\tomcat\embed\tomcat-embed-el\10.1.42\tomcat-embed-el-10.1.42.jar;C:\Users\4OFFICE\.m2\repository\org\apache\tomcat\embed\tomcat-embed-websocket\10.1.42\tomcat-embed-websocket-10.1.42.jar;C:\Users\4OFFICE\.m2\repository\org\springframework\spring-web\6.2.8\spring-web-6.2.8.jar;C:\Users\4OFFICE\.m2\repository\org\springframework\spring-beans\6.2.8\spring-beans-6.2.8.jar;C:\Users\4OFFICE\.m2\repository\org\springframework\spring-webmvc\6.2.8\spring-webmvc-6.2.8.jar;C:\Users\4OFFICE\.m2\repository\org\springframework\spring-aop\6.2.8\spring-aop-6.2.8.jar;C:\Users\4OFFICE\.m2\repository\org\springframework\spring-expression\6.2.8\spring-expression-6.2.8.jar;C:\Users\4OFFICE\.m2\repository\org\springframework\boot\spring-boot-starter-data-jpa\3.5.3\spring-boot-starter-data-jpa-3.5.3.jar;C:\Users\4OFFICE\.m2\repository\org\springframework\boot\spring-boot-starter-jdbc\3.5.3\spring-boot-starter-jdbc-3.5.3.jar;C:\Users\4OFFICE\.m2\repository\com\zaxxer\HikariCP\6.3.0\HikariCP-6.3.0.jar;C:\Users\4OFFICE\.m2\repository\org\springframework\spring-jdbc\6.2.8\spring-jdbc-6.2.8.jar;C:\Users\4OFFICE\.m2\repository\org\hibernate\orm\hibernate-core\6.6.18.Final\hibernate-core-6.6.18.Final.jar;C:\Users\4OFFICE\.m2\repository\jakarta\persistence\jakarta.persistence-api\3.1.0\jakarta.persistence-api-3.1.0.jar;C:\Users\4OFFICE\.m2\repository\jakarta\transaction\jakarta.transaction-api\2.0.1\jakarta.transaction-api-2.0.1.jar;C:\Users\4OFFICE\.m2\repository\org\hibernate\common\hibernate-commons-annotations\7.0.3.Final\hibernate-commons-annotations-7.0.3.Final.jar;C:\Users\4OFFICE\.m2\repository\io\smallrye\jandex\3.2.0\jandex-3.2.0.jar;C:\Users\4OFFICE\.m2\repository\org\glassfish\jaxb\jaxb-runtime\4.0.5\jaxb-runtime-4.0.5.jar;C:\Users\4OFFICE\.m2\repository\org\glassfish\jaxb\jaxb-core\4.0.5\jaxb-core-4.0.5.jar;C:\Users\4OFFICE\.m2\repository\org\eclipse\angus\angus-activation\2.0.2\angus-activation-2.0.2.jar;C:\Users\4OFFICE\.m2\repository\org\glassfish\jaxb\txw2\4.0.5\txw2-4.0.5.jar;C:\Users\4OFFICE\.m2\repository\com\sun\istack\istack-commons-runtime\4.1.2\istack-commons-runtime-4.1.2.jar;C:\Users\4OFFICE\.m2\repository\jakarta\inject\jakarta.inject-api\2.0.1\jakarta.inject-api-2.0.1.jar;C:\Users\4OFFICE\.m2\repository\org\antlr\antlr4-runtime\4.13.0\antlr4-runtime-4.13.0.jar;C:\Users\4OFFICE\.m2\repository\org\springframework\data\spring-data-jpa\3.5.1\spring-data-jpa-3.5.1.jar;C:\Users\4OFFICE\.m2\repository\org\springframework\data\spring-data-commons\3.5.1\spring-data-commons-3.5.1.jar;C:\Users\4OFFICE\.m2\repository\org\springframework\spring-orm\6.2.8\spring-orm-6.2.8.jar;C:\Users\4OFFICE\.m2\repository\org\springframework\spring-aspects\6.2.8\spring-aspects-6.2.8.jar;C:\Users\4OFFICE\.m2\repository\org\aspectj\aspectjweaver\1.9.24\aspectjweaver-1.9.24.jar;C:\Users\4OFFICE\.m2\repository\org\springframework\kafka\spring-kafka\3.3.7\spring-kafka-3.3.7.jar;C:\Users\4OFFICE\.m2\repository\org\springframework\spring-context\6.2.8\spring-context-6.2.8.jar;C:\Users\4OFFICE\.m2\repository\org\springframework\spring-messaging\6.2.8\spring-messaging-6.2.8.jar;C:\Users\4OFFICE\.m2\repository\org\springframework\spring-tx\6.2.8\spring-tx-6.2.8.jar;C:\Users\4OFFICE\.m2\repository\org\springframework\retry\spring-retry\2.0.12\spring-retry-2.0.12.jar;C:\Users\4OFFICE\.m2\repository\org\apache\kafka\kafka-clients\3.9.1\kafka-clients-3.9.1.jar;C:\Users\4OFFICE\.m2\repository\com\github\luben\zstd-jni\1.5.6-4\zstd-jni-1.5.6-4.jar;C:\Users\4OFFICE\.m2\repository\org\lz4\lz4-java\1.8.0\lz4-java-1.8.0.jar;C:\Users\4OFFICE\.m2\repository\org\xerial\snappy\snappy-java\1.1.10.5\snappy-java-1.1.10.5.jar;C:\Users\4OFFICE\.m2\repository\io\micrometer\micrometer-observation\1.15.1\micrometer-observation-1.15.1.jar;C:\Users\4OFFICE\.m2\repository\io\micrometer\micrometer-commons\1.15.1\micrometer-commons-1.15.1.jar;C:\Users\4OFFICE\.m2\repository\com\mysql\mysql-connector-j\9.2.0\mysql-connector-j-9.2.0.jar;C:\Users\4OFFICE\.m2\repository\org\postgresql\postgresql\42.7.7\postgresql-42.7.7.jar;C:\Users\4OFFICE\.m2\repository\org\checkerframework\checker-qual\3.49.3\checker-qual-3.49.3.jar;C:\Users\4OFFICE\.m2\repository\org\springframework\boot\spring-boot-devtools\3.5.3\spring-boot-devtools-3.5.3.jar;C:\Users\4OFFICE\.m2\repository\org\springframework\boot\spring-boot\3.5.3\spring-boot-3.5.3.jar;C:\Users\4OFFICE\.m2\repository\org\springframework\boot\spring-boot-autoconfigure\3.5.3\spring-boot-autoconfigure-3.5.3.jar;C:\Users\4OFFICE\.m2\repository\org\springframework\boot\spring-boot-configuration-processor\3.5.3\spring-boot-configuration-processor-3.5.3.jar;C:\Users\4OFFICE\.m2\repository\org\mapstruct\mapstruct\1.5.5.Final\mapstruct-1.5.5.Final.jar;C:\Users\4OFFICE\.m2\repository\org\mapstruct\mapstruct-processor\1.5.5.Final\mapstruct-processor-1.5.5.Final.jar;C:\Users\4OFFICE\.m2\repository\org\projectlombok\lombok\1.18.38\lombok-1.18.38.jar;C:\Users\4OFFICE\.m2\repository\jakarta\validation\jakarta.validation-api\3.0.2\jakarta.validation-api-3.0.2.jar;C:\Users\4OFFICE\.m2\repository\org\hibernate\validator\hibernate-validator\8.0.2.Final\hibernate-validator-8.0.2.Final.jar;C:\Users\4OFFICE\.m2\repository\org\jboss\logging\jboss-logging\3.6.1.Final\jboss-logging-3.6.1.Final.jar;C:\Users\4OFFICE\.m2\repository\com\fasterxml\classmate\1.7.0\classmate-1.7.0.jar;C:\Users\4OFFICE\.m2\repository\org\springframework\boot\spring-boot-starter-test\3.5.3\spring-boot-starter-test-3.5.3.jar;C:\Users\4OFFICE\.m2\repository\org\springframework\boot\spring-boot-test\3.5.3\spring-boot-test-3.5.3.jar;C:\Users\4OFFICE\.m2\repository\org\springframework\boot\spring-boot-test-autoconfigure\3.5.3\spring-boot-test-autoconfigure-3.5.3.jar;C:\Users\4OFFICE\.m2\repository\com\jayway\jsonpath\json-path\2.9.0\json-path-2.9.0.jar;C:\Users\4OFFICE\.m2\repository\jakarta\xml\bind\jakarta.xml.bind-api\4.0.2\jakarta.xml.bind-api-4.0.2.jar;C:\Users\4OFFICE\.m2\repository\jakarta\activation\jakarta.activation-api\2.1.3\jakarta.activation-api-2.1.3.jar;C:\Users\4OFFICE\.m2\repository\net\minidev\json-smart\2.5.2\json-smart-2.5.2.jar;C:\Users\4OFFICE\.m2\repository\net\minidev\accessors-smart\2.5.2\accessors-smart-2.5.2.jar;C:\Users\4OFFICE\.m2\repository\org\ow2\asm\asm\9.7.1\asm-9.7.1.jar;C:\Users\4OFFICE\.m2\repository\org\assertj\assertj-core\3.27.3\assertj-core-3.27.3.jar;C:\Users\4OFFICE\.m2\repository\org\awaitility\awaitility\4.2.2\awaitility-4.2.2.jar;C:\Users\4OFFICE\.m2\repository\org\hamcrest\hamcrest\3.0\hamcrest-3.0.jar;C:\Users\4OFFICE\.m2\repository\org\mockito\mockito-junit-jupiter\5.17.0\mockito-junit-jupiter-5.17.0.jar;C:\Users\4OFFICE\.m2\repository\org\skyscreamer\jsonassert\1.5.3\jsonassert-1.5.3.jar;C:\Users\4OFFICE\.m2\repository\com\vaadin\external\google\android-json\0.0.20131108.vaadin1\android-json-0.0.20131108.vaadin1.jar;C:\Users\4OFFICE\.m2\repository\org\springframework\spring-core\6.2.8\spring-core-6.2.8.jar;C:\Users\4OFFICE\.m2\repository\org\springframework\spring-jcl\6.2.8\spring-jcl-6.2.8.jar;C:\Users\4OFFICE\.m2\repository\org\springframework\spring-test\6.2.8\spring-test-6.2.8.jar;C:\Users\4OFFICE\.m2\repository\org\xmlunit\xmlunit-core\2.10.2\xmlunit-core-2.10.2.jar;C:\Users\4OFFICE\.m2\repository\org\springframework\kafka\spring-kafka-test\3.3.7\spring-kafka-test-3.3.7.jar;C:\Users\4OFFICE\.m2\repository\org\apache\zookeeper\zookeeper\3.8.4\zookeeper-3.8.4.jar;C:\Users\4OFFICE\.m2\repository\org\apache\zookeeper\zookeeper-jute\3.8.4\zookeeper-jute-3.8.4.jar;C:\Users\4OFFICE\.m2\repository\org\apache\yetus\audience-annotations\0.12.0\audience-annotations-0.12.0.jar;C:\Users\4OFFICE\.m2\repository\io\netty\netty-handler\4.1.122.Final\netty-handler-4.1.122.Final.jar;C:\Users\4OFFICE\.m2\repository\io\netty\netty-common\4.1.122.Final\netty-common-4.1.122.Final.jar;C:\Users\4OFFICE\.m2\repository\io\netty\netty-resolver\4.1.122.Final\netty-resolver-4.1.122.Final.jar;C:\Users\4OFFICE\.m2\repository\io\netty\netty-buffer\4.1.122.Final\netty-buffer-4.1.122.Final.jar;C:\Users\4OFFICE\.m2\repository\io\netty\netty-transport\4.1.122.Final\netty-transport-4.1.122.Final.jar;C:\Users\4OFFICE\.m2\repository\io\netty\netty-transport-native-unix-common\4.1.122.Final\netty-transport-native-unix-common-4.1.122.Final.jar;C:\Users\4OFFICE\.m2\repository\io\netty\netty-codec\4.1.122.Final\netty-codec-4.1.122.Final.jar;C:\Users\4OFFICE\.m2\repository\io\netty\netty-transport-native-epoll\4.1.122.Final\netty-transport-native-epoll-4.1.122.Final.jar;C:\Users\4OFFICE\.m2\repository\io\netty\netty-transport-classes-epoll\4.1.122.Final\netty-transport-classes-epoll-4.1.122.Final.jar;C:\Users\4OFFICE\.m2\repository\ch\qos\logback\logback-core\1.5.18\logback-core-1.5.18.jar;C:\Users\4OFFICE\.m2\repository\ch\qos\logback\logback-classic\1.5.18\logback-classic-1.5.18.jar;C:\Users\4OFFICE\.m2\repository\commons-io\commons-io\2.11.0\commons-io-2.11.0.jar;C:\Users\4OFFICE\.m2\repository\org\apache\kafka\kafka-clients\3.9.1\kafka-clients-3.9.1-test.jar;C:\Users\4OFFICE\.m2\repository\org\apache\kafka\kafka-server\3.9.1\kafka-server-3.9.1.jar;C:\Users\4OFFICE\.m2\repository\org\apache\kafka\kafka-storage\3.9.1\kafka-storage-3.9.1.jar;C:\Users\4OFFICE\.m2\repository\com\github\ben-manes\caffeine\caffeine\3.2.1\caffeine-3.2.1.jar;C:\Users\4OFFICE\.m2\repository\org\jspecify\jspecify\1.0.0\jspecify-1.0.0.jar;C:\Users\4OFFICE\.m2\repository\com\google\errorprone\error_prone_annotations\2.38.0\error_prone_annotations-2.38.0.jar;C:\Users\4OFFICE\.m2\repository\org\apache\kafka\kafka-group-coordinator\3.9.1\kafka-group-coordinator-3.9.1.jar;C:\Users\4OFFICE\.m2\repository\org\apache\kafka\kafka-transaction-coordinator\3.9.1\kafka-transaction-coordinator-3.9.1.jar;C:\Users\4OFFICE\.m2\repository\org\apache\kafka\kafka-raft\3.9.1\kafka-raft-3.9.1.jar;C:\Users\4OFFICE\.m2\repository\com\yammer\metrics\metrics-core\2.2.0\metrics-core-2.2.0.jar;C:\Users\4OFFICE\.m2\repository\org\apache\kafka\kafka-metadata\3.9.1\kafka-metadata-3.9.1.jar;C:\Users\4OFFICE\.m2\repository\org\apache\kafka\kafka-server-common\3.9.1\kafka-server-common-3.9.1.jar;C:\Users\4OFFICE\.m2\repository\net\sf\jopt-simple\jopt-simple\5.0.4\jopt-simple-5.0.4.jar;C:\Users\4OFFICE\.m2\repository\org\pcollections\pcollections\4.0.1\pcollections-4.0.1.jar;C:\Users\4OFFICE\.m2\repository\org\apache\kafka\kafka-server-common\3.9.1\kafka-server-common-3.9.1-test.jar;C:\Users\4OFFICE\.m2\repository\org\apache\kafka\kafka-streams-test-utils\3.9.1\kafka-streams-test-utils-3.9.1.jar;C:\Users\4OFFICE\.m2\repository\org\apache\kafka\kafka-streams\3.9.1\kafka-streams-3.9.1.jar;C:\Users\4OFFICE\.m2\repository\org\rocksdb\rocksdbjni\7.9.2\rocksdbjni-7.9.2.jar;C:\Users\4OFFICE\.m2\repository\org\apache\kafka\kafka_2.13\3.9.1\kafka_2.13-3.9.1.jar;C:\Users\4OFFICE\.m2\repository\org\scala-lang\scala-library\2.13.15\scala-library-2.13.15.jar;C:\Users\4OFFICE\.m2\repository\org\apache\kafka\kafka-group-coordinator-api\3.9.1\kafka-group-coordinator-api-3.9.1.jar;C:\Users\4OFFICE\.m2\repository\org\apache\kafka\kafka-storage-api\3.9.1\kafka-storage-api-3.9.1.jar;C:\Users\4OFFICE\.m2\repository\org\apache\kafka\kafka-tools-api\3.9.1\kafka-tools-api-3.9.1.jar;C:\Users\4OFFICE\.m2\repository\net\sourceforge\argparse4j\argparse4j\0.7.0\argparse4j-0.7.0.jar;C:\Users\4OFFICE\.m2\repository\commons-validator\commons-validator\1.7\commons-validator-1.7.jar;C:\Users\4OFFICE\.m2\repository\commons-beanutils\commons-beanutils\1.9.4\commons-beanutils-1.9.4.jar;C:\Users\4OFFICE\.m2\repository\commons-digester\commons-digester\2.1\commons-digester-2.1.jar;C:\Users\4OFFICE\.m2\repository\commons-collections\commons-collections\3.2.2\commons-collections-3.2.2.jar;C:\Users\4OFFICE\.m2\repository\com\fasterxml\jackson\module\jackson-module-scala_2.13\2.19.1\jackson-module-scala_2.13-2.19.1.jar;C:\Users\4OFFICE\.m2\repository\com\thoughtworks\paranamer\paranamer\2.8.3\paranamer-2.8.3.jar;C:\Users\4OFFICE\.m2\repository\com\fasterxml\jackson\dataformat\jackson-dataformat-csv\2.19.1\jackson-dataformat-csv-2.19.1.jar;C:\Users\4OFFICE\.m2\repository\org\bitbucket\b_c\jose4j\0.9.4\jose4j-0.9.4.jar;C:\Users\4OFFICE\.m2\repository\org\scala-lang\modules\scala-collection-compat_2.13\2.10.0\scala-collection-compat_2.13-2.10.0.jar;C:\Users\4OFFICE\.m2\repository\org\scala-lang\modules\scala-java8-compat_2.13\1.0.2\scala-java8-compat_2.13-1.0.2.jar;C:\Users\4OFFICE\.m2\repository\org\scala-lang\scala-reflect\2.13.15\scala-reflect-2.13.15.jar;C:\Users\4OFFICE\.m2\repository\com\typesafe\scala-logging\scala-logging_2.13\3.9.5\scala-logging_2.13-3.9.5.jar;C:\Users\4OFFICE\.m2\repository\io\dropwizard\metrics\metrics-core\4.1.12.1\metrics-core-4.1.12.1.jar;C:\Users\4OFFICE\.m2\repository\commons-cli\commons-cli\1.4\commons-cli-1.4.jar;C:\Users\4OFFICE\.m2\repository\org\apache\kafka\kafka_2.13\3.9.1\kafka_2.13-3.9.1-test.jar;C:\Users\4OFFICE\.m2\repository\org\junit\jupiter\junit-jupiter-api\5.12.2\junit-jupiter-api-5.12.2.jar;C:\Users\4OFFICE\.m2\repository\org\opentest4j\opentest4j\1.3.0\opentest4j-1.3.0.jar;C:\Users\4OFFICE\.m2\repository\org\junit\platform\junit-platform-commons\1.12.2\junit-platform-commons-1.12.2.jar;C:\Users\4OFFICE\.m2\repository\org\apiguardian\apiguardian-api\1.1.2\apiguardian-api-1.1.2.jar;C:\Users\4OFFICE\.m2\repository\org\junit\platform\junit-platform-launcher\1.12.2\junit-platform-launcher-1.12.2.jar;C:\Users\4OFFICE\.m2\repository\org\junit\platform\junit-platform-engine\1.12.2\junit-platform-engine-1.12.2.jar;C:\Users\4OFFICE\.m2\repository\org\mockito\mockito-core\5.17.0\mockito-core-5.17.0.jar;C:\Users\4OFFICE\.m2\repository\net\bytebuddy\byte-buddy\1.17.6\byte-buddy-1.17.6.jar;C:\Users\4OFFICE\.m2\repository\net\bytebuddy\byte-buddy-agent\1.17.6\byte-buddy-agent-1.17.6.jar;C:\Users\4OFFICE\.m2\repository\org\objenesis\objenesis\3.3\objenesis-3.3.jar;C:\Users\4OFFICE\.m2\repository\org\testcontainers\testcontainers\1.19.3\testcontainers-1.19.3.jar;C:\Users\4OFFICE\.m2\repository\junit\junit\4.13.2\junit-4.13.2.jar;C:\Users\4OFFICE\.m2\repository\org\hamcrest\hamcrest-core\3.0\hamcrest-core-3.0.jar;C:\Users\4OFFICE\.m2\repository\org\apache\commons\commons-compress\1.24.0\commons-compress-1.24.0.jar;C:\Users\4OFFICE\.m2\repository\org\rnorth\duct-tape\duct-tape\1.0.8\duct-tape-1.0.8.jar;C:\Users\4OFFICE\.m2\repository\org\jetbrains\annotations\17.0.0\annotations-17.0.0.jar;C:\Users\4OFFICE\.m2\repository\com\github\docker-java\docker-java-api\3.3.4\docker-java-api-3.3.4.jar;C:\Users\4OFFICE\.m2\repository\com\fasterxml\jackson\core\jackson-annotations\2.19.1\jackson-annotations-2.19.1.jar;C:\Users\4OFFICE\.m2\repository\com\github\docker-java\docker-java-transport-zerodep\3.3.4\docker-java-transport-zerodep-3.3.4.jar;C:\Users\4OFFICE\.m2\repository\com\github\docker-java\docker-java-transport\3.3.4\docker-java-transport-3.3.4.jar;C:\Users\4OFFICE\.m2\repository\net\java\dev\jna\jna\5.13.0\jna-5.13.0.jar;C:\Users\4OFFICE\.m2\repository\org\testcontainers\postgresql\1.19.3\postgresql-1.19.3.jar;C:\Users\4OFFICE\.m2\repository\org\testcontainers\jdbc\1.19.3\jdbc-1.19.3.jar;C:\Users\4OFFICE\.m2\repository\org\testcontainers\database-commons\1.19.3\database-commons-1.19.3.jar;C:\Users\4OFFICE\.m2\repository\org\junit\jupiter\junit-jupiter\5.10.2\junit-jupiter-5.10.2.jar;C:\Users\4OFFICE\.m2\repository\org\junit\jupiter\junit-jupiter-params\5.12.2\junit-jupiter-params-5.12.2.jar;C:\Users\4OFFICE\.m2\repository\org\junit\jupiter\junit-jupiter-engine\5.12.2\junit-jupiter-engine-5.12.2.jar;C:\Users\4OFFICE\.m2\repository\org\testcontainers\junit-jupiter\1.19.3\junit-jupiter-1.19.3.jar;C:\Users\4OFFICE\.m2\repository\org\slf4j\slf4j-api\2.0.17\slf4j-api-2.0.17.jar;C:\Users\4OFFICE\eclipse\jee-2024-122\eclipse\configuration\org.eclipse.osgi\443\0\.cp;C:\Users\4OFFICE\eclipse\jee-2024-122\eclipse\configuration\org.eclipse.osgi\1542\0\.cp
Launcher Type: SUN_STANDARD

[Global flags]
     intx CICompilerCount                          = 3                                         {product} {ergonomic}
     uint ConcGCThreads                            = 1                                         {product} {ergonomic}
     uint G1ConcRefinementThreads                  = 4                                         {product} {ergonomic}
   size_t G1HeapRegionSize                         = 1048576                                   {product} {ergonomic}
    uintx GCDrainStackTargetSize                   = 64                                        {product} {ergonomic}
   size_t InitialHeapSize                          = 134217728                                 {product} {ergonomic}
   size_t MarkStackSize                            = 4194304                                   {product} {ergonomic}
   size_t MaxHeapSize                              = 2128609280                                {product} {ergonomic}
   size_t MaxNewSize                               = 1277165568                                {product} {ergonomic}
   size_t MinHeapDeltaBytes                        = 1048576                                   {product} {ergonomic}
   size_t MinHeapSize                              = 8388608                                   {product} {ergonomic}
    uintx NonNMethodCodeHeapSize                   = 5832780                                {pd product} {ergonomic}
    uintx NonProfiledCodeHeapSize                  = 122912730                              {pd product} {ergonomic}
    uintx ProfiledCodeHeapSize                     = 122912730                              {pd product} {ergonomic}
    uintx ReservedCodeCacheSize                    = 251658240                              {pd product} {ergonomic}
     bool SegmentedCodeCache                       = true                                      {product} {ergonomic}
     bool ShowCodeDetailsInExceptionMessages       = true                                   {manageable} {command line}
   size_t SoftMaxHeapSize                          = 2128609280                             {manageable} {ergonomic}
     bool UseCompressedOops                        = true                           {product lp64_product} {ergonomic}
     bool UseG1GC                                  = true                                      {product} {ergonomic}
     bool UseLargePagesIndividualAllocation        = false                                  {pd product} {ergonomic}

Logging:
Log output configuration:
 #0: stdout all=warning uptime,level,tags foldmultilines=false
 #1: stderr all=off uptime,level,tags foldmultilines=false

Environment Variables:
JAVA_HOME=C:\Program Files\Eclipse Adoptium\jdk-21.0.7.6-hotspot\
PATH=C:\Program Files\Microsoft\jdk-21.0.7.6-hotspot\bin;C:\app\4OFFICE\OraHome_1;C:\app\4OFFICE\OraHome_1\bin;C:\Python311\Scripts\;C:\Python311\;C:\Program Files\Microsoft\jdk-21.0.7.6-hotspot\;c:\Users\4OFFICE\AppData\Local\Programs\cursor\resources\app\bin;C:\app\client\4OFFICE\product\12.2.0\client_1;C:\app\client\4OFFICE\product\12.2.0\client_1\bin;C:\Program Files\Common Files\Oracle\Java\javapath;C:\Program Files (x86)\Common Files\Oracle\Java\java8path;C:\Program Files (x86)\Common Files\Oracle\Java\javapath;C:\WINDOWS\system32;C:\WINDOWS;C:\WINDOWS\System32\Wbem;C:\WINDOWS\System32\WindowsPowerShell\v1.0\;C:\WINDOWS\System32\OpenSSH\;C:\Program Files (x86)\Groovy\bin;C:\Program Files\Eclipse Adoptium\jdk-21.0.7.6-hotspot\bin;C:\Program Files\Maven\bin;C:\Program Files\Microsoft SQL Server\150\Tools\Binn\;C:\Program Files\Microsoft SQL Server\Client SDK\ODBC\170\Tools\Binn\;C:\Program Files\dotnet\;C:\Program Files (x86)\Microsoft SQL Server\160\Tools\Binn\;C:\Program Files\Microsoft SQL Server\160\Tools\Binn\;C:\Program Files\Microsoft SQL Server\160\DTS\Binn\;C:\Program Files\Azure Data Studio\bin;C:\Program Files (x86)\Microsoft SQL S;C:\Program Files\nodejs\;C:\oraclexe\app\oracle\product\11.2.0\server\bin;C:\xampp\php;C:\Program Files\OpenSSL-Win64\bin;C:\Program Files\Docker\Docker\resources\bin;C:\Program Files\Git\cmd;C:\Program Files\PowerShell\7\;C:\Users\4OFFICE\AppData\Local\Programs\Python\Launcher\;C:\Users\4OFFICE\AppData\Local\Microsoft\WindowsApps;C:\Users\4OFFICE\.dotnet\tools;C:\Program Files\Azure Data Studio\bin;C:\Program Files\heroku\bin;C:\Users\4OFFICE\AppData\Local\GitHubDesktop\bin;C:\Users\4OFFICE\AppData\Roaming\nvm;C:\Program Files\nodejs;C:\Users\4OFFICE\AppData\Roaming\npm;C:\Users\4OFFICE\AppData\Local\Programs\cursor\resources\app\bin;C:\xampp\php;C:\Program Files\OpenSSL-Win64\bin;C:\Users\4OFFICE\AppData\Local\Programs\Microsoft VS Code\bin;C:\Program Files\Java\jdk-21.0.7.6-hotspot\bin;
USERNAME=4OFFICE
OS=Windows_NT
PROCESSOR_IDENTIFIER=Intel64 Family 6 Model 37 Stepping 5, GenuineIntel
TMP=C:\Users\4OFFICE\AppData\Local\Temp
TEMP=C:\Users\4OFFICE\AppData\Local\Temp




Periodic native trim disabled

---------------  S Y S T E M  ---------------

OS:
 Windows 10 , 64 bit Build 19041 (10.0.19041.5915)
OS uptime: 0 days 4:39 hours
Hyper-V role detected

CPU: total 4 (initial active 4) (2 cores per cpu, 2 threads per core) family 6 model 37 stepping 5 microcode 0x7, cx8, cmov, fxsr, ht, mmx, sse, sse2, sse3, ssse3, sse4.1, sse4.2, popcnt, tsc, tscinvbit, aes, clmul, clflush, hv, rdtscp
Processor Information for the first 4 processors :
  Max Mhz: 3334, Current Mhz: 3334, Mhz Limit: 3334

Memory: 4k page, system-wide physical 8119M (1027M free)
TotalPageFile size 12215M (AvailPageFile size 5M)
current process WorkingSet (physical memory assigned to process): 140M, peak: 140M
current process commit charge ("private bytes"): 262M, peak: 263M

vm_info: OpenJDK 64-Bit Server VM (21.0.7+6-LTS) for windows-amd64 JRE (21.0.7+6-LTS), built on 2025-04-15T00:00:00Z by "admin" with MS VC++ 17.7 (VS2022)

END.
